[2019-10-31T15:24:15.671] [INFO] default - ----SUITE STARTS: CSLogin-----------
[2019-10-31T17:04:52.476] [INFO] default - ----SUITE STARTS: CSLogin-----------
[2019-11-03T08:24:22.045] [INFO] default - ----SUITE STARTS: CSLogin-----------
[2019-11-03T08:24:23.409] [INFO] default - loading login page from test
[2019-11-03T08:24:23.411] [INFO] default - Loading page should be loaded
[2019-11-03T08:34:33.581] [INFO] default - ----SUITE STARTS: CSLogin-----------
[2019-11-03T08:34:34.824] [INFO] default - loading login page from test - [CSLogin]
[2019-11-03T08:34:34.826] [INFO] default - Loading page should be loaded - [CSLogin]
[2019-11-03T08:39:54.792] [INFO] default - ----SUITE STARTS: CSLogin-----------
[2019-11-03T08:39:56.020] [INFO] default - loading login page from test - [CSLogin]
[2019-11-03T08:39:56.023] [INFO] default - Loading page should be loaded - [CSLogin]
[2019-11-03T08:42:03.534] [INFO] default - ----SUITE STARTS: CSLogin-----------
[2019-11-03T08:42:04.700] [INFO] default - loading login page from test - [CSLogin]
[2019-11-03T08:42:04.701] [INFO] default - Loading page should be loaded - [CSLogin]
[2019-11-03T08:45:04.453] [INFO] default - ----SUITE STARTS: CSLogin-----------
[2019-11-03T08:45:05.716] [INFO] default - loading login page from test - [CSLogin]
[2019-11-03T08:45:05.719] [INFO] default - Loading page should be loaded - [CSLogin]
[2019-11-03T08:48:49.369] [INFO] default - ----SUITE STARTS: CSLogin-----------
[2019-11-03T08:48:50.608] [INFO] default - loading login page from test - [CSLogin]
[2019-11-03T08:48:50.610] [INFO] default - Loading page should be loaded - [CSLogin]
